<?xml version="1.0" encoding="utf-8"?><testsuites name="pytest tests"><testsuite name="pytest" errors="0" failures="5" skipped="0" tests="21" time="9.519" timestamp="2026-02-23T16:50:19.984703+00:00" hostname="agent-env-a05828c0-1670-4df4-a9f9-d301f82efd8a"><testcase classname="backend.tests.test_api.TestHealthCheck" name="test_api_root" time="0.204" /><testcase classname="backend.tests.test_api.TestAdminAuth" name="test_admin_login_success" time="0.395" /><testcase classname="backend.tests.test_api.TestAdminAuth" name="test_admin_login_invalid_password" time="0.487" /><testcase classname="backend.tests.test_api.TestAdminAuth" name="test_admin_login_invalid_username" time="0.162" /><testcase classname="backend.tests.test_api.TestAdminAuth" name="test_admin_check_authenticated" time="0.516" /><testcase classname="backend.tests.test_api.TestAdminAuth" name="test_admin_check_unauthorized" time="0.176"><failure message="assert 403 == 401&#10; +  where 403 = &lt;Response [403]&gt;.status_code">backend/tests/test_api.py:88: in test_admin_check_unauthorized
    assert response.status_code == 401
E   assert 403 == 401
E    +  where 403 = &lt;Response [403]&gt;.status_code</failure></testcase><testcase classname="backend.tests.test_api.TestRicorsiCRUD" name="test_get_ricorsi_public" time="0.114" /><testcase classname="backend.tests.test_api.TestRicorsiCRUD" name="test_get_ricorsi_active_only" time="0.121" /><testcase classname="backend.tests.test_api.TestRicorsiCRUD" name="test_create_ricorso" time="0.534" /><testcase classname="backend.tests.test_api.TestRicorsiCRUD" name="test_get_single_ricorso" time="0.663" /><testcase classname="backend.tests.test_api.TestRicorsiCRUD" name="test_get_nonexistent_ricorso" time="0.170" /><testcase classname="backend.tests.test_api.TestRicorsiCRUD" name="test_create_and_delete_ricorso" time="0.999" /><testcase classname="backend.tests.test_api.TestRicorsiCRUD" name="test_delete_ricorso_unauthorized" time="0.117"><failure message="assert 403 == 401&#10; +  where 403 = &lt;Response [403]&gt;.status_code">backend/tests/test_api.py:237: in test_delete_ricorso_unauthorized
    assert response.status_code == 401
E   assert 403 == 401
E    +  where 403 = &lt;Response [403]&gt;.status_code</failure></testcase><testcase classname="backend.tests.test_api.TestRicorsiCRUD" name="test_update_ricorso" time="0.968" /><testcase classname="backend.tests.test_api.TestSubmissions" name="test_create_submission" time="0.522" /><testcase classname="backend.tests.test_api.TestSubmissions" name="test_get_submissions_authenticated" time="0.644" /><testcase classname="backend.tests.test_api.TestSubmissions" name="test_get_submissions_unauthorized" time="0.150"><failure message="assert 403 == 401&#10; +  where 403 = &lt;Response [403]&gt;.status_code">backend/tests/test_api.py:357: in test_get_submissions_unauthorized
    assert response.status_code == 401
E   assert 403 == 401
E    +  where 403 = &lt;Response [403]&gt;.status_code</failure></testcase><testcase classname="backend.tests.test_api.TestSubmissions" name="test_get_submissions_stats" time="0.598" /><testcase classname="backend.tests.test_api.TestAdminManagement" name="test_list_admins" time="0.533"><failure message="assert 520 == 200&#10; +  where 520 = &lt;Response [520]&gt;.status_code">backend/tests/test_api.py:392: in test_list_admins
    assert response.status_code == 200
E   assert 520 == 200
E    +  where 520 = &lt;Response [520]&gt;.status_code</failure></testcase><testcase classname="backend.tests.test_api.TestAdminManagement" name="test_create_invite" time="0.696" /><testcase classname="backend.tests.test_api.TestAdminManagement" name="test_list_invites" time="0.546"><failure message="assert 520 == 200&#10; +  where 520 = &lt;Response [520]&gt;.status_code">backend/tests/test_api.py:423: in test_list_invites
    assert response.status_code == 200
E   assert 520 == 200
E    +  where 520 = &lt;Response [520]&gt;.status_code</failure></testcase></testsuite></testsuites>