<?xml version="1.0" encoding="utf-8"?><testsuites name="pytest tests"><testsuite name="pytest" errors="0" failures="0" skipped="0" tests="21" time="10.405" timestamp="2026-02-23T16:51:10.340656+00:00" hostname="agent-env-a05828c0-1670-4df4-a9f9-d301f82efd8a"><testcase classname="backend.tests.test_api.TestHealthCheck" name="test_api_root" time="0.181" /><testcase classname="backend.tests.test_api.TestAdminAuth" name="test_admin_login_success" time="0.446" /><testcase classname="backend.tests.test_api.TestAdminAuth" name="test_admin_login_invalid_password" time="0.361" /><testcase classname="backend.tests.test_api.TestAdminAuth" name="test_admin_login_invalid_username" time="0.156" /><testcase classname="backend.tests.test_api.TestAdminAuth" name="test_admin_check_authenticated" time="0.603" /><testcase classname="backend.tests.test_api.TestAdminAuth" name="test_admin_check_unauthorized" time="0.156" /><testcase classname="backend.tests.test_api.TestRicorsiCRUD" name="test_get_ricorsi_public" time="0.137" /><testcase classname="backend.tests.test_api.TestRicorsiCRUD" name="test_get_ricorsi_active_only" time="0.124" /><testcase classname="backend.tests.test_api.TestRicorsiCRUD" name="test_create_ricorso" time="0.493" /><testcase classname="backend.tests.test_api.TestRicorsiCRUD" name="test_get_single_ricorso" time="0.912" /><testcase classname="backend.tests.test_api.TestRicorsiCRUD" name="test_get_nonexistent_ricorso" time="0.139" /><testcase classname="backend.tests.test_api.TestRicorsiCRUD" name="test_create_and_delete_ricorso" time="0.988" /><testcase classname="backend.tests.test_api.TestRicorsiCRUD" name="test_delete_ricorso_unauthorized" time="0.143" /><testcase classname="backend.tests.test_api.TestRicorsiCRUD" name="test_update_ricorso" time="1.944" /><testcase classname="backend.tests.test_api.TestSubmissions" name="test_create_submission" time="0.474" /><testcase classname="backend.tests.test_api.TestSubmissions" name="test_get_submissions_authenticated" time="0.649" /><testcase classname="backend.tests.test_api.TestSubmissions" name="test_get_submissions_unauthorized" time="0.122" /><testcase classname="backend.tests.test_api.TestSubmissions" name="test_get_submissions_stats" time="0.726" /><testcase classname="backend.tests.test_api.TestAdminManagement" name="test_list_admins" time="0.462" /><testcase classname="backend.tests.test_api.TestAdminManagement" name="test_create_invite" time="0.514" /><testcase classname="backend.tests.test_api.TestAdminManagement" name="test_list_invites" time="0.588" /></testsuite></testsuites>